

Test Case 1
Time-shared computer model

Number of terminals       10 to  80 by   10

Mean think time       25.000 seconds

Mean service time      0.800 seconds

Quantum                0.100 seconds

Swap time              0.015 seconds

Number of jobs processed        1000


Number of      Average         Average        Average         Average         Utilization
terminals   response time  N in queue 1       of CPU 1     N in queue 2       of CPU 2
   10           0.594           0.028           0.188           0.000           0.022

   20           0.742           0.176           0.354           0.001           0.043

   30           0.969           0.523           0.517           0.002           0.063

   40           1.749           1.927           0.726           0.004           0.085

   50           2.896           4.265           0.895           0.005           0.101

   60           3.991           7.399           0.969           0.009           0.117

   70           4.349           9.313           0.968           0.013           0.138

   80           9.343          21.087           0.992           0.010           0.128


Test Case 2
Time-shared computer model

Number of terminals       10 to  80 by   10

Mean think time       25.000 seconds

Mean service time      0.800 seconds

Quantum                0.100 seconds

Swap time              0.015 seconds

Number of jobs processed        1000


Number of      Average         Average        Average         Average         Utilization
terminals   response time  N in queue 1       of CPU 1     N in queue 2       of CPU 2
   10           0.587           0.024           0.180           0.000           0.020

   20           0.747           0.180           0.378           0.002           0.043

   30           0.904           0.445           0.524           0.003           0.066

   40           1.113           0.919           0.653           0.006           0.084

   50           1.623           2.084           0.795           0.006           0.104

   60           6.013          11.161           0.991           0.004           0.100

   70           7.351          14.726           0.995           0.007           0.115

   80           8.362          19.352           0.993           0.011           0.136


Test Case 3
Time-shared computer model

Number of terminals       10 to  80 by   10

Mean think time       25.000 seconds

Mean service time      0.800 seconds

Quantum                0.100 seconds

Swap time              0.015 seconds

Number of jobs processed        1000


Number of      Average         Average        Average         Average         Utilization
terminals   response time  N in queue 1       of CPU 1     N in queue 2       of CPU 2
   10           0.726           0.054           0.206           0.000           0.021

   20           0.679           0.141           0.341           0.001           0.044

   30           1.062           0.675           0.556           0.003           0.066

   40           1.294           1.282           0.706           0.004           0.087

   50           1.732           2.267           0.807           0.005           0.101

   60           4.430           8.029           0.976           0.011           0.111

   70           7.983          15.907           0.996           0.007           0.116

   80           9.951          21.672           0.997           0.010           0.121


Test Case 4
Time-shared computer model

Number of terminals       10 to  80 by   10

Mean think time       25.000 seconds

Mean service time      0.800 seconds

Quantum                0.100 seconds

Swap time              0.015 seconds

Number of jobs processed        1000


Number of      Average         Average        Average         Average         Utilization
terminals   response time  N in queue 1       of CPU 1     N in queue 2       of CPU 2
   10           0.611           0.030           0.177           0.000           0.021

   20           0.749           0.179           0.383           0.001           0.042

   30           1.008           0.573           0.553           0.002           0.066

   40           1.686           1.750           0.747           0.003           0.081

   50           2.408           3.217           0.881           0.005           0.089

   60           3.243           5.494           0.930           0.004           0.113

   70           7.281          14.784           0.996           0.008           0.115

   80           9.019          19.644           0.998           0.009           0.125


Test Case 5
Time-shared computer model

Number of terminals       10 to  80 by   10

Mean think time       25.000 seconds

Mean service time      0.800 seconds

Quantum                0.100 seconds

Swap time              0.015 seconds

Number of jobs processed        1000


Number of      Average         Average        Average         Average         Utilization
terminals   response time  N in queue 1       of CPU 1     N in queue 2       of CPU 2
   10           0.609           0.033           0.187           0.000           0.021

   20           0.637           0.128           0.301           0.001           0.043

   30           1.108           0.649           0.561           0.002           0.063

   40           1.073           0.877           0.690           0.004           0.088

   50           1.840           2.798           0.838           0.006           0.100

   60           4.569           8.155           0.959           0.007           0.110

   70           6.023          12.161           0.964           0.007           0.123

   80          11.044          23.874           0.986           0.007           0.118
